nohup: ignoring input
INFO:     Will watch for changes in these directories: ['/workspace/nhis']
INFO:     Uvicorn running on http://0.0.0.0:4000 (Press CTRL+C to quit)
INFO:     Started reloader process [90122] using StatReload
/root/.local/share/virtualenvs/workspace-dqq3IVyd/lib/python3.10/site-packages/onnxruntime/capi/onnxruntime_inference_collection.py:118: UserWarning: Specified provider 'CUDAExecutionProvider' is not in available provider names.Available providers: 'AzureExecutionProvider, CPUExecutionProvider'
  warnings.warn(
INFO:     Started server process [90124]
INFO:     Waiting for application startup.
INFO:     Application startup complete.
Applied providers: ['CPUExecutionProvider'], with options: {'CPUExecutionProvider': {}}
find model: /root/.insightface/models/buffalo_l/1k3d68.onnx landmark_3d_68 ['None', 3, 192, 192] 0.0 1.0
Applied providers: ['CPUExecutionProvider'], with options: {'CPUExecutionProvider': {}}
find model: /root/.insightface/models/buffalo_l/2d106det.onnx landmark_2d_106 ['None', 3, 192, 192] 0.0 1.0
Applied providers: ['CPUExecutionProvider'], with options: {'CPUExecutionProvider': {}}
find model: /root/.insightface/models/buffalo_l/det_10g.onnx detection [1, 3, '?', '?'] 127.5 128.0
Applied providers: ['CPUExecutionProvider'], with options: {'CPUExecutionProvider': {}}
find model: /root/.insightface/models/buffalo_l/genderage.onnx genderage ['None', 3, 96, 96] 0.0 1.0
Applied providers: ['CPUExecutionProvider'], with options: {'CPUExecutionProvider': {}}
find model: /root/.insightface/models/buffalo_l/w600k_r50.onnx recognition ['None', 3, 112, 112] 127.5 127.5
set det-size: (640, 640)
INFO:     100.64.0.26:36536 - "OPTIONS /api/compare HTTP/1.1" 200 OK
INFO:     100.64.0.26:36546 - "POST /api/compare HTTP/1.1" 200 OK
INFO:api:Background task completed successfully for token: 826c58a5-58ee-47ad-93e0-a7678c6efbb8
INFO:     100.64.0.25:45446 - "OPTIONS /user/profile HTTP/1.1" 200 OK
INFO:     100.64.0.25:45458 - "GET /verified_encounters?limit=15 HTTP/1.1" 200 OK
INFO:     100.64.0.25:45446 - "GET /user/profile HTTP/1.1" 200 OK
INFO:     100.64.0.27:52910 - "OPTIONS /api/dispositions HTTP/1.1" 200 OK
INFO:     100.64.0.27:52910 - "GET /api/dispositions HTTP/1.1" 200 OK
INFO:     100.64.0.26:46974 - "OPTIONS /api/encounter HTTP/1.1" 200 OK
INFO:     100.64.0.26:58698 - "POST /api/encounter HTTP/1.1" 200 OK
INFO:     100.64.0.27:56850 - "GET /verified_encounters?limit=15 HTTP/1.1" 200 OK
INFO:     100.64.0.24:53434 - "POST /api/compare HTTP/1.1" 200 OK
INFO:api:Background task completed successfully for token: 3acffc8d-cfc5-4bd1-b81e-5c546f1bfab7
INFO:     100.64.0.26:47574 - "OPTIONS /verified_encounters?limit=15 HTTP/1.1" 200 OK
ERROR:api:Unhandled exception: (psycopg2.OperationalError) SSL SYSCALL error: EOF detected

[SQL: SELECT users.id AS users_id, users.hospital_name AS users_hospital_name, users.email AS users_email, users.password AS users_password, users.location AS users_location, users.totp_secret AS users_totp_secret, users.backup_codes AS users_backup_codes, users.is_2fa_enabled AS users_is_2fa_enabled, users.is_email_2fa_enabled AS users_is_email_2fa_enabled 
FROM users 
WHERE users.email = %(email_1)s 
 LIMIT %(param_1)s]
[parameters: {'email_1': 'blvcksaphhire@gmail.com', 'param_1': 1}]
(Background on this error at: https://sqlalche.me/e/20/e3q8)
INFO:     100.64.0.26:47574 - "GET /verified_encounters?limit=15 HTTP/1.1" 500 Internal Server Error
ERROR:    Exception in ASGI application
Traceback (most recent call last):
  File "/root/.local/share/virtualenvs/workspace-dqq3IVyd/lib/python3.10/site-packages/sqlalchemy/engine/base.py", line 1964, in _exec_single_context
    self.dialect.do_execute(
  File "/root/.local/share/virtualenvs/workspace-dqq3IVyd/lib/python3.10/site-packages/sqlalchemy/engine/default.py", line 942, in do_execute
    cursor.execute(statement, parameters)
psycopg2.OperationalError: SSL SYSCALL error: EOF detected


The above exception was the direct cause of the following exception:

Traceback (most recent call last):
  File "/root/.local/share/virtualenvs/workspace-dqq3IVyd/lib/python3.10/site-packages/uvicorn/protocols/http/h11_impl.py", line 403, in run_asgi
    result = await app(  # type: ignore[func-returns-value]
  File "/root/.local/share/virtualenvs/workspace-dqq3IVyd/lib/python3.10/site-packages/uvicorn/middleware/proxy_headers.py", line 60, in __call__
    return await self.app(scope, receive, send)
  File "/root/.local/share/virtualenvs/workspace-dqq3IVyd/lib/python3.10/site-packages/fastapi/applications.py", line 1054, in __call__
    await super().__call__(scope, receive, send)
  File "/root/.local/share/virtualenvs/workspace-dqq3IVyd/lib/python3.10/site-packages/starlette/applications.py", line 112, in __call__
    await self.middleware_stack(scope, receive, send)
  File "/root/.local/share/virtualenvs/workspace-dqq3IVyd/lib/python3.10/site-packages/starlette/middleware/errors.py", line 187, in __call__
    raise exc
  File "/root/.local/share/virtualenvs/workspace-dqq3IVyd/lib/python3.10/site-packages/starlette/middleware/errors.py", line 165, in __call__
    await self.app(scope, receive, _send)
  File "/root/.local/share/virtualenvs/workspace-dqq3IVyd/lib/python3.10/site-packages/starlette/middleware/base.py", line 181, in __call__
    raise app_exc
  File "/workspace/nhis/api.py", line 90, in db_session_middleware
    response = await call_next(request)
  File "/root/.local/share/virtualenvs/workspace-dqq3IVyd/lib/python3.10/site-packages/starlette/middleware/base.py", line 153, in call_next
    raise app_exc
  File "/root/.local/share/virtualenvs/workspace-dqq3IVyd/lib/python3.10/site-packages/starlette/middleware/base.py", line 140, in coro
    await self.app(scope, receive_or_disconnect, send_no_error)
  File "/root/.local/share/virtualenvs/workspace-dqq3IVyd/lib/python3.10/site-packages/starlette/middleware/cors.py", line 93, in __call__
    await self.simple_response(scope, receive, send, request_headers=headers)
  File "/root/.local/share/virtualenvs/workspace-dqq3IVyd/lib/python3.10/site-packages/starlette/middleware/cors.py", line 144, in simple_response
    await self.app(scope, receive, send)
  File "/root/.local/share/virtualenvs/workspace-dqq3IVyd/lib/python3.10/site-packages/starlette/middleware/exceptions.py", line 62, in __call__
    await wrap_app_handling_exceptions(self.app, conn)(scope, receive, send)
  File "/root/.local/share/virtualenvs/workspace-dqq3IVyd/lib/python3.10/site-packages/starlette/_exception_handler.py", line 53, in wrapped_app
    raise exc
  File "/root/.local/share/virtualenvs/workspace-dqq3IVyd/lib/python3.10/site-packages/starlette/_exception_handler.py", line 42, in wrapped_app
    await app(scope, receive, sender)
  File "/root/.local/share/virtualenvs/workspace-dqq3IVyd/lib/python3.10/site-packages/starlette/routing.py", line 714, in __call__
    await self.middleware_stack(scope, receive, send)
  File "/root/.local/share/virtualenvs/workspace-dqq3IVyd/lib/python3.10/site-packages/starlette/routing.py", line 734, in app
    await route.handle(scope, receive, send)
  File "/root/.local/share/virtualenvs/workspace-dqq3IVyd/lib/python3.10/site-packages/starlette/routing.py", line 288, in handle
    await self.app(scope, receive, send)
  File "/root/.local/share/virtualenvs/workspace-dqq3IVyd/lib/python3.10/site-packages/starlette/routing.py", line 76, in app
    await wrap_app_handling_exceptions(app, request)(scope, receive, send)
  File "/root/.local/share/virtualenvs/workspace-dqq3IVyd/lib/python3.10/site-packages/starlette/_exception_handler.py", line 53, in wrapped_app
    raise exc
  File "/root/.local/share/virtualenvs/workspace-dqq3IVyd/lib/python3.10/site-packages/starlette/_exception_handler.py", line 42, in wrapped_app
    await app(scope, receive, sender)
  File "/root/.local/share/virtualenvs/workspace-dqq3IVyd/lib/python3.10/site-packages/starlette/routing.py", line 73, in app
    response = await f(request)
  File "/root/.local/share/virtualenvs/workspace-dqq3IVyd/lib/python3.10/site-packages/fastapi/routing.py", line 291, in app
    solved_result = await solve_dependencies(
  File "/root/.local/share/virtualenvs/workspace-dqq3IVyd/lib/python3.10/site-packages/fastapi/dependencies/utils.py", line 638, in solve_dependencies
    solved = await call(**solved_result.values)
  File "/workspace/nhis/api.py", line 156, in get_current_user
    user = db.query(User).filter(User.email == user_email).first()
  File "/root/.local/share/virtualenvs/workspace-dqq3IVyd/lib/python3.10/site-packages/sqlalchemy/orm/query.py", line 2754, in first
    return self.limit(1)._iter().first()  # type: ignore
  File "/root/.local/share/virtualenvs/workspace-dqq3IVyd/lib/python3.10/site-packages/sqlalchemy/orm/query.py", line 2853, in _iter
    result: Union[ScalarResult[_T], Result[_T]] = self.session.execute(
  File "/root/.local/share/virtualenvs/workspace-dqq3IVyd/lib/python3.10/site-packages/sqlalchemy/orm/session.py", line 2365, in execute
    return self._execute_internal(
  File "/root/.local/share/virtualenvs/workspace-dqq3IVyd/lib/python3.10/site-packages/sqlalchemy/orm/session.py", line 2251, in _execute_internal
    result: Result[Any] = compile_state_cls.orm_execute_statement(
  File "/root/.local/share/virtualenvs/workspace-dqq3IVyd/lib/python3.10/site-packages/sqlalchemy/orm/context.py", line 305, in orm_execute_statement
    result = conn.execute(
  File "/root/.local/share/virtualenvs/workspace-dqq3IVyd/lib/python3.10/site-packages/sqlalchemy/engine/base.py", line 1416, in execute
    return meth(
  File "/root/.local/share/virtualenvs/workspace-dqq3IVyd/lib/python3.10/site-packages/sqlalchemy/sql/elements.py", line 516, in _execute_on_connection
    return connection._execute_clauseelement(
  File "/root/.local/share/virtualenvs/workspace-dqq3IVyd/lib/python3.10/site-packages/sqlalchemy/engine/base.py", line 1638, in _execute_clauseelement
    ret = self._execute_context(
  File "/root/.local/share/virtualenvs/workspace-dqq3IVyd/lib/python3.10/site-packages/sqlalchemy/engine/base.py", line 1843, in _execute_context
    return self._exec_single_context(
  File "/root/.local/share/virtualenvs/workspace-dqq3IVyd/lib/python3.10/site-packages/sqlalchemy/engine/base.py", line 1983, in _exec_single_context
    self._handle_dbapi_exception(
  File "/root/.local/share/virtualenvs/workspace-dqq3IVyd/lib/python3.10/site-packages/sqlalchemy/engine/base.py", line 2352, in _handle_dbapi_exception
    raise sqlalchemy_exception.with_traceback(exc_info[2]) from e
  File "/root/.local/share/virtualenvs/workspace-dqq3IVyd/lib/python3.10/site-packages/sqlalchemy/engine/base.py", line 1964, in _exec_single_context
    self.dialect.do_execute(
  File "/root/.local/share/virtualenvs/workspace-dqq3IVyd/lib/python3.10/site-packages/sqlalchemy/engine/default.py", line 942, in do_execute
    cursor.execute(statement, parameters)
sqlalchemy.exc.OperationalError: (psycopg2.OperationalError) SSL SYSCALL error: EOF detected

[SQL: SELECT users.id AS users_id, users.hospital_name AS users_hospital_name, users.email AS users_email, users.password AS users_password, users.location AS users_location, users.totp_secret AS users_totp_secret, users.backup_codes AS users_backup_codes, users.is_2fa_enabled AS users_is_2fa_enabled, users.is_email_2fa_enabled AS users_is_email_2fa_enabled 
FROM users 
WHERE users.email = %(email_1)s 
 LIMIT %(param_1)s]
[parameters: {'email_1': 'blvcksaphhire@gmail.com', 'param_1': 1}]
(Background on this error at: https://sqlalche.me/e/20/e3q8)
INFO:     100.64.0.26:47588 - "GET /verified_encounters?limit=15 HTTP/1.1" 200 OK
INFO:     100.64.0.26:59074 - "OPTIONS /check-mfa HTTP/1.1" 200 OK
INFO:     100.64.0.26:59078 - "OPTIONS /check-mfa HTTP/1.1" 200 OK
INFO:     100.64.0.26:59074 - "OPTIONS /user/profile HTTP/1.1" 200 OK
INFO:     100.64.0.26:59080 - "OPTIONS /user/profile HTTP/1.1" 200 OK
INFO:     100.64.0.26:59078 - "GET /check-mfa HTTP/1.1" 200 OK
INFO:     100.64.0.26:59080 - "GET /user/profile HTTP/1.1" 200 OK
INFO:     100.64.0.26:59074 - "GET /check-mfa HTTP/1.1" 200 OK
INFO:     100.64.0.26:59074 - "GET /user/profile HTTP/1.1" 200 OK
INFO:     100.64.0.26:48854 - "OPTIONS /user/profile HTTP/1.1" 200 OK
INFO:     100.64.0.26:48858 - "OPTIONS /user/profile HTTP/1.1" 200 OK
INFO:     100.64.0.26:48858 - "GET /user/profile HTTP/1.1" 401 Unauthorized
INFO:     100.64.0.26:48854 - "GET /user/profile HTTP/1.1" 401 Unauthorized
INFO:     100.64.0.27:55174 - "OPTIONS /login HTTP/1.1" 200 OK
ERROR:api:Error during login: (psycopg2.OperationalError) SSL SYSCALL error: EOF detected

[SQL: SELECT users.id AS users_id, users.hospital_name AS users_hospital_name, users.email AS users_email, users.password AS users_password, users.location AS users_location, users.totp_secret AS users_totp_secret, users.backup_codes AS users_backup_codes, users.is_2fa_enabled AS users_is_2fa_enabled, users.is_email_2fa_enabled AS users_is_email_2fa_enabled 
FROM users 
WHERE users.email = %(email_1)s 
 LIMIT %(param_1)s]
[parameters: {'email_1': 'blvcksaphhire@gmail.com', 'param_1': 1}]
(Background on this error at: https://sqlalche.me/e/20/e3q8)
INFO:     100.64.0.27:55174 - "POST /login HTTP/1.1" 500 Internal Server Error
INFO:api:Generated short-lived token for 2FA: eyJhbGciOiJIUzI1NiIsInR5cCI6IkpXVCJ9.eyJlbWFpbCI6ImJsdmNrc2FwaGhpcmVAZ21haWwuY29tIiwiaXNfMmZhIjp0cnVlLCJleHAiOjE3NDIxNDk5NjF9.bTB7UqDgOrewQUGp_rvalE6FWlw2ImKkrXJlBinCuPc
INFO:     100.64.0.27:55174 - "POST /login HTTP/1.1" 200 OK
INFO:     100.64.0.26:52038 - "OPTIONS /check-mfa HTTP/1.1" 200 OK
INFO:     100.64.0.26:52042 - "OPTIONS /check-mfa HTTP/1.1" 200 OK
INFO:     100.64.0.26:52038 - "GET /check-mfa HTTP/1.1" 200 OK
INFO:     100.64.0.26:52038 - "GET /check-mfa HTTP/1.1" 200 OK
INFO:     100.64.0.26:52038 - "OPTIONS /send-otp HTTP/1.1" 200 OK
INFO:     100.64.0.26:52042 - "OPTIONS /send-otp HTTP/1.1" 200 OK
ERROR:api:Unhandled exception: (psycopg2.errors.UniqueViolation) duplicate key value violates unique constraint "email_two_factor_email_key"
DETAIL:  Key (email)=(blvcksaphhire@gmail.com) already exists.

[SQL: INSERT INTO email_two_factor (email, otp, created_at, expires_at) VALUES (%(email)s, %(otp)s, %(created_at)s, %(expires_at)s) RETURNING email_two_factor.id]
[parameters: {'email': 'blvcksaphhire@gmail.com', 'otp': '636886', 'created_at': datetime.datetime(2025, 3, 16, 18, 27, 45, 900249), 'expires_at': datetime.datetime(2025, 3, 16, 18, 29, 45, 802659)}]
(Background on this error at: https://sqlalche.me/e/20/gkpj)
INFO:     100.64.0.26:52038 - "POST /send-otp HTTP/1.1" 500 Internal Server Error
ERROR:    Exception in ASGI application
Traceback (most recent call last):
  File "/root/.local/share/virtualenvs/workspace-dqq3IVyd/lib/python3.10/site-packages/sqlalchemy/engine/base.py", line 1964, in _exec_single_context
    self.dialect.do_execute(
  File "/root/.local/share/virtualenvs/workspace-dqq3IVyd/lib/python3.10/site-packages/sqlalchemy/engine/default.py", line 942, in do_execute
    cursor.execute(statement, parameters)
psycopg2.errors.UniqueViolation: duplicate key value violates unique constraint "email_two_factor_email_key"
DETAIL:  Key (email)=(blvcksaphhire@gmail.com) already exists.


The above exception was the direct cause of the following exception:

Traceback (most recent call last):
  File "/root/.local/share/virtualenvs/workspace-dqq3IVyd/lib/python3.10/site-packages/uvicorn/protocols/http/h11_impl.py", line 403, in run_asgi
    result = await app(  # type: ignore[func-returns-value]
  File "/root/.local/share/virtualenvs/workspace-dqq3IVyd/lib/python3.10/site-packages/uvicorn/middleware/proxy_headers.py", line 60, in __call__
    return await self.app(scope, receive, send)
  File "/root/.local/share/virtualenvs/workspace-dqq3IVyd/lib/python3.10/site-packages/fastapi/applications.py", line 1054, in __call__
    await super().__call__(scope, receive, send)
  File "/root/.local/share/virtualenvs/workspace-dqq3IVyd/lib/python3.10/site-packages/starlette/applications.py", line 112, in __call__
    await self.middleware_stack(scope, receive, send)
  File "/root/.local/share/virtualenvs/workspace-dqq3IVyd/lib/python3.10/site-packages/starlette/middleware/errors.py", line 187, in __call__
    raise exc
  File "/root/.local/share/virtualenvs/workspace-dqq3IVyd/lib/python3.10/site-packages/starlette/middleware/errors.py", line 165, in __call__
    await self.app(scope, receive, _send)
  File "/root/.local/share/virtualenvs/workspace-dqq3IVyd/lib/python3.10/site-packages/starlette/middleware/base.py", line 181, in __call__
    raise app_exc
  File "/workspace/nhis/api.py", line 90, in db_session_middleware
    response = await call_next(request)
  File "/root/.local/share/virtualenvs/workspace-dqq3IVyd/lib/python3.10/site-packages/starlette/middleware/base.py", line 153, in call_next
    raise app_exc
  File "/root/.local/share/virtualenvs/workspace-dqq3IVyd/lib/python3.10/site-packages/starlette/middleware/base.py", line 140, in coro
    await self.app(scope, receive_or_disconnect, send_no_error)
  File "/root/.local/share/virtualenvs/workspace-dqq3IVyd/lib/python3.10/site-packages/starlette/middleware/cors.py", line 93, in __call__
    await self.simple_response(scope, receive, send, request_headers=headers)
  File "/root/.local/share/virtualenvs/workspace-dqq3IVyd/lib/python3.10/site-packages/starlette/middleware/cors.py", line 144, in simple_response
    await self.app(scope, receive, send)
  File "/root/.local/share/virtualenvs/workspace-dqq3IVyd/lib/python3.10/site-packages/starlette/middleware/exceptions.py", line 62, in __call__
    await wrap_app_handling_exceptions(self.app, conn)(scope, receive, send)
  File "/root/.local/share/virtualenvs/workspace-dqq3IVyd/lib/python3.10/site-packages/starlette/_exception_handler.py", line 53, in wrapped_app
    raise exc
  File "/root/.local/share/virtualenvs/workspace-dqq3IVyd/lib/python3.10/site-packages/starlette/_exception_handler.py", line 42, in wrapped_app
    await app(scope, receive, sender)
  File "/root/.local/share/virtualenvs/workspace-dqq3IVyd/lib/python3.10/site-packages/starlette/routing.py", line 714, in __call__
    await self.middleware_stack(scope, receive, send)
  File "/root/.local/share/virtualenvs/workspace-dqq3IVyd/lib/python3.10/site-packages/starlette/routing.py", line 734, in app
    await route.handle(scope, receive, send)
  File "/root/.local/share/virtualenvs/workspace-dqq3IVyd/lib/python3.10/site-packages/starlette/routing.py", line 288, in handle
    await self.app(scope, receive, send)
  File "/root/.local/share/virtualenvs/workspace-dqq3IVyd/lib/python3.10/site-packages/starlette/routing.py", line 76, in app
    await wrap_app_handling_exceptions(app, request)(scope, receive, send)
  File "/root/.local/share/virtualenvs/workspace-dqq3IVyd/lib/python3.10/site-packages/starlette/_exception_handler.py", line 53, in wrapped_app
    raise exc
  File "/root/.local/share/virtualenvs/workspace-dqq3IVyd/lib/python3.10/site-packages/starlette/_exception_handler.py", line 42, in wrapped_app
    await app(scope, receive, sender)
  File "/root/.local/share/virtualenvs/workspace-dqq3IVyd/lib/python3.10/site-packages/starlette/routing.py", line 73, in app
    response = await f(request)
  File "/root/.local/share/virtualenvs/workspace-dqq3IVyd/lib/python3.10/site-packages/fastapi/routing.py", line 301, in app
    raw_response = await run_endpoint_function(
  File "/root/.local/share/virtualenvs/workspace-dqq3IVyd/lib/python3.10/site-packages/fastapi/routing.py", line 214, in run_endpoint_function
    return await run_in_threadpool(dependant.call, **values)
  File "/root/.local/share/virtualenvs/workspace-dqq3IVyd/lib/python3.10/site-packages/starlette/concurrency.py", line 37, in run_in_threadpool
    return await anyio.to_thread.run_sync(func)
  File "/root/.local/share/virtualenvs/workspace-dqq3IVyd/lib/python3.10/site-packages/anyio/to_thread.py", line 56, in run_sync
    return await get_async_backend().run_sync_in_worker_thread(
  File "/root/.local/share/virtualenvs/workspace-dqq3IVyd/lib/python3.10/site-packages/anyio/_backends/_asyncio.py", line 2461, in run_sync_in_worker_thread
    return await future
  File "/root/.local/share/virtualenvs/workspace-dqq3IVyd/lib/python3.10/site-packages/anyio/_backends/_asyncio.py", line 962, in run
    result = context.run(func, *args)
  File "/workspace/nhis/api.py", line 195, in send_otp
    db.commit()
  File "/root/.local/share/virtualenvs/workspace-dqq3IVyd/lib/python3.10/site-packages/sqlalchemy/orm/session.py", line 2032, in commit
    trans.commit(_to_root=True)
  File "<string>", line 2, in commit
  File "/root/.local/share/virtualenvs/workspace-dqq3IVyd/lib/python3.10/site-packages/sqlalchemy/orm/state_changes.py", line 139, in _go
    ret_value = fn(self, *arg, **kw)
  File "/root/.local/share/virtualenvs/workspace-dqq3IVyd/lib/python3.10/site-packages/sqlalchemy/orm/session.py", line 1313, in commit
    self._prepare_impl()
  File "<string>", line 2, in _prepare_impl
  File "/root/.local/share/virtualenvs/workspace-dqq3IVyd/lib/python3.10/site-packages/sqlalchemy/orm/state_changes.py", line 139, in _go
    ret_value = fn(self, *arg, **kw)
  File "/root/.local/share/virtualenvs/workspace-dqq3IVyd/lib/python3.10/site-packages/sqlalchemy/orm/session.py", line 1288, in _prepare_impl
    self.session.flush()
  File "/root/.local/share/virtualenvs/workspace-dqq3IVyd/lib/python3.10/site-packages/sqlalchemy/orm/session.py", line 4353, in flush
    self._flush(objects)
  File "/root/.local/share/virtualenvs/workspace-dqq3IVyd/lib/python3.10/site-packages/sqlalchemy/orm/session.py", line 4488, in _flush
    with util.safe_reraise():
  File "/root/.local/share/virtualenvs/workspace-dqq3IVyd/lib/python3.10/site-packages/sqlalchemy/util/langhelpers.py", line 146, in __exit__
    raise exc_value.with_traceback(exc_tb)
  File "/root/.local/share/virtualenvs/workspace-dqq3IVyd/lib/python3.10/site-packages/sqlalchemy/orm/session.py", line 4449, in _flush
    flush_context.execute()
  File "/root/.local/share/virtualenvs/workspace-dqq3IVyd/lib/python3.10/site-packages/sqlalchemy/orm/unitofwork.py", line 466, in execute
    rec.execute(self)
  File "/root/.local/share/virtualenvs/workspace-dqq3IVyd/lib/python3.10/site-packages/sqlalchemy/orm/unitofwork.py", line 642, in execute
    util.preloaded.orm_persistence.save_obj(
  File "/root/.local/share/virtualenvs/workspace-dqq3IVyd/lib/python3.10/site-packages/sqlalchemy/orm/persistence.py", line 93, in save_obj
    _emit_insert_statements(
  File "/root/.local/share/virtualenvs/workspace-dqq3IVyd/lib/python3.10/site-packages/sqlalchemy/orm/persistence.py", line 1233, in _emit_insert_statements
    result = connection.execute(
  File "/root/.local/share/virtualenvs/workspace-dqq3IVyd/lib/python3.10/site-packages/sqlalchemy/engine/base.py", line 1416, in execute
    return meth(
  File "/root/.local/share/virtualenvs/workspace-dqq3IVyd/lib/python3.10/site-packages/sqlalchemy/sql/elements.py", line 516, in _execute_on_connection
    return connection._execute_clauseelement(
  File "/root/.local/share/virtualenvs/workspace-dqq3IVyd/lib/python3.10/site-packages/sqlalchemy/engine/base.py", line 1638, in _execute_clauseelement
    ret = self._execute_context(
  File "/root/.local/share/virtualenvs/workspace-dqq3IVyd/lib/python3.10/site-packages/sqlalchemy/engine/base.py", line 1843, in _execute_context
    return self._exec_single_context(
  File "/root/.local/share/virtualenvs/workspace-dqq3IVyd/lib/python3.10/site-packages/sqlalchemy/engine/base.py", line 1983, in _exec_single_context
    self._handle_dbapi_exception(
  File "/root/.local/share/virtualenvs/workspace-dqq3IVyd/lib/python3.10/site-packages/sqlalchemy/engine/base.py", line 2352, in _handle_dbapi_exception
    raise sqlalchemy_exception.with_traceback(exc_info[2]) from e
  File "/root/.local/share/virtualenvs/workspace-dqq3IVyd/lib/python3.10/site-packages/sqlalchemy/engine/base.py", line 1964, in _exec_single_context
    self.dialect.do_execute(
  File "/root/.local/share/virtualenvs/workspace-dqq3IVyd/lib/python3.10/site-packages/sqlalchemy/engine/default.py", line 942, in do_execute
    cursor.execute(statement, parameters)
sqlalchemy.exc.IntegrityError: (psycopg2.errors.UniqueViolation) duplicate key value violates unique constraint "email_two_factor_email_key"
DETAIL:  Key (email)=(blvcksaphhire@gmail.com) already exists.

[SQL: INSERT INTO email_two_factor (email, otp, created_at, expires_at) VALUES (%(email)s, %(otp)s, %(created_at)s, %(expires_at)s) RETURNING email_two_factor.id]
[parameters: {'email': 'blvcksaphhire@gmail.com', 'otp': '636886', 'created_at': datetime.datetime(2025, 3, 16, 18, 27, 45, 900249), 'expires_at': datetime.datetime(2025, 3, 16, 18, 29, 45, 802659)}]
(Background on this error at: https://sqlalche.me/e/20/gkpj)
INFO:sendd:Email sent successfully: {'id': '990b1ad7-e624-4bef-9e8f-7ee39831be02'}
INFO:     100.64.0.26:52042 - "POST /send-otp HTTP/1.1" 200 OK
INFO:     100.64.0.27:47314 - "OPTIONS /verify-otp HTTP/1.1" 200 OK
INFO:     100.64.0.27:47314 - "POST /verify-otp HTTP/1.1" 200 OK
INFO:     100.64.0.27:47314 - "GET /user/profile HTTP/1.1" 200 OK
INFO:     100.64.0.27:47314 - "OPTIONS /my_verifications?limit=15 HTTP/1.1" 200 OK
INFO:     100.64.0.27:47328 - "OPTIONS /my_verifications?limit=15 HTTP/1.1" 200 OK
INFO:     100.64.0.27:47314 - "GET /user/profile HTTP/1.1" 200 OK
INFO:     100.64.0.27:47328 - "GET /my_verifications?limit=15 HTTP/1.1" 200 OK
INFO:     100.64.0.27:47328 - "GET /my_verifications?limit=15 HTTP/1.1" 200 OK
INFO:     100.64.0.26:56534 - "GET /user/profile HTTP/1.1" 200 OK
INFO:     100.64.0.26:56520 - "GET /my_verifications?limit=15 HTTP/1.1" 200 OK
INFO:     100.64.0.26:56542 - "GET /user/profile HTTP/1.1" 200 OK
ERROR:api:Unhandled exception: (psycopg2.OperationalError) SSL SYSCALL error: EOF detected

[SQL: SELECT users.id AS users_id, users.hospital_name AS users_hospital_name, users.email AS users_email, users.password AS users_password, users.location AS users_location, users.totp_secret AS users_totp_secret, users.backup_codes AS users_backup_codes, users.is_2fa_enabled AS users_is_2fa_enabled, users.is_email_2fa_enabled AS users_is_email_2fa_enabled 
FROM users 
WHERE users.email = %(email_1)s 
 LIMIT %(param_1)s]
[parameters: {'email_1': 'blvcksaphhire@gmail.com', 'param_1': 1}]
(Background on this error at: https://sqlalche.me/e/20/e3q8)
INFO:     100.64.0.27:37658 - "GET /user/profile HTTP/1.1" 500 Internal Server Error
ERROR:    Exception in ASGI application
Traceback (most recent call last):
  File "/root/.local/share/virtualenvs/workspace-dqq3IVyd/lib/python3.10/site-packages/sqlalchemy/engine/base.py", line 1964, in _exec_single_context
    self.dialect.do_execute(
  File "/root/.local/share/virtualenvs/workspace-dqq3IVyd/lib/python3.10/site-packages/sqlalchemy/engine/default.py", line 942, in do_execute
    cursor.execute(statement, parameters)
psycopg2.OperationalError: SSL SYSCALL error: EOF detected


The above exception was the direct cause of the following exception:

Traceback (most recent call last):
  File "/root/.local/share/virtualenvs/workspace-dqq3IVyd/lib/python3.10/site-packages/uvicorn/protocols/http/h11_impl.py", line 403, in run_asgi
    result = await app(  # type: ignore[func-returns-value]
  File "/root/.local/share/virtualenvs/workspace-dqq3IVyd/lib/python3.10/site-packages/uvicorn/middleware/proxy_headers.py", line 60, in __call__
    return await self.app(scope, receive, send)
  File "/root/.local/share/virtualenvs/workspace-dqq3IVyd/lib/python3.10/site-packages/fastapi/applications.py", line 1054, in __call__
    await super().__call__(scope, receive, send)
  File "/root/.local/share/virtualenvs/workspace-dqq3IVyd/lib/python3.10/site-packages/starlette/applications.py", line 112, in __call__
    await self.middleware_stack(scope, receive, send)
  File "/root/.local/share/virtualenvs/workspace-dqq3IVyd/lib/python3.10/site-packages/starlette/middleware/errors.py", line 187, in __call__
    raise exc
  File "/root/.local/share/virtualenvs/workspace-dqq3IVyd/lib/python3.10/site-packages/starlette/middleware/errors.py", line 165, in __call__
    await self.app(scope, receive, _send)
  File "/root/.local/share/virtualenvs/workspace-dqq3IVyd/lib/python3.10/site-packages/starlette/middleware/base.py", line 181, in __call__
    raise app_exc
  File "/workspace/nhis/api.py", line 90, in db_session_middleware
    response = await call_next(request)
  File "/root/.local/share/virtualenvs/workspace-dqq3IVyd/lib/python3.10/site-packages/starlette/middleware/base.py", line 153, in call_next
    raise app_exc
  File "/root/.local/share/virtualenvs/workspace-dqq3IVyd/lib/python3.10/site-packages/starlette/middleware/base.py", line 140, in coro
    await self.app(scope, receive_or_disconnect, send_no_error)
  File "/root/.local/share/virtualenvs/workspace-dqq3IVyd/lib/python3.10/site-packages/starlette/middleware/cors.py", line 93, in __call__
    await self.simple_response(scope, receive, send, request_headers=headers)
  File "/root/.local/share/virtualenvs/workspace-dqq3IVyd/lib/python3.10/site-packages/starlette/middleware/cors.py", line 144, in simple_response
    await self.app(scope, receive, send)
  File "/root/.local/share/virtualenvs/workspace-dqq3IVyd/lib/python3.10/site-packages/starlette/middleware/exceptions.py", line 62, in __call__
    await wrap_app_handling_exceptions(self.app, conn)(scope, receive, send)
  File "/root/.local/share/virtualenvs/workspace-dqq3IVyd/lib/python3.10/site-packages/starlette/_exception_handler.py", line 53, in wrapped_app
    raise exc
  File "/root/.local/share/virtualenvs/workspace-dqq3IVyd/lib/python3.10/site-packages/starlette/_exception_handler.py", line 42, in wrapped_app
    await app(scope, receive, sender)
  File "/root/.local/share/virtualenvs/workspace-dqq3IVyd/lib/python3.10/site-packages/starlette/routing.py", line 714, in __call__
    await self.middleware_stack(scope, receive, send)
  File "/root/.local/share/virtualenvs/workspace-dqq3IVyd/lib/python3.10/site-packages/starlette/routing.py", line 734, in app
    await route.handle(scope, receive, send)
  File "/root/.local/share/virtualenvs/workspace-dqq3IVyd/lib/python3.10/site-packages/starlette/routing.py", line 288, in handle
    await self.app(scope, receive, send)
  File "/root/.local/share/virtualenvs/workspace-dqq3IVyd/lib/python3.10/site-packages/starlette/routing.py", line 76, in app
    await wrap_app_handling_exceptions(app, request)(scope, receive, send)
  File "/root/.local/share/virtualenvs/workspace-dqq3IVyd/lib/python3.10/site-packages/starlette/_exception_handler.py", line 53, in wrapped_app
    raise exc
  File "/root/.local/share/virtualenvs/workspace-dqq3IVyd/lib/python3.10/site-packages/starlette/_exception_handler.py", line 42, in wrapped_app
    await app(scope, receive, sender)
  File "/root/.local/share/virtualenvs/workspace-dqq3IVyd/lib/python3.10/site-packages/starlette/routing.py", line 73, in app
    response = await f(request)
  File "/root/.local/share/virtualenvs/workspace-dqq3IVyd/lib/python3.10/site-packages/fastapi/routing.py", line 291, in app
    solved_result = await solve_dependencies(
  File "/root/.local/share/virtualenvs/workspace-dqq3IVyd/lib/python3.10/site-packages/fastapi/dependencies/utils.py", line 638, in solve_dependencies
    solved = await call(**solved_result.values)
  File "/workspace/nhis/api.py", line 156, in get_current_user
    user = db.query(User).filter(User.email == user_email).first()
  File "/root/.local/share/virtualenvs/workspace-dqq3IVyd/lib/python3.10/site-packages/sqlalchemy/orm/query.py", line 2754, in first
    return self.limit(1)._iter().first()  # type: ignore
  File "/root/.local/share/virtualenvs/workspace-dqq3IVyd/lib/python3.10/site-packages/sqlalchemy/orm/query.py", line 2853, in _iter
    result: Union[ScalarResult[_T], Result[_T]] = self.session.execute(
  File "/root/.local/share/virtualenvs/workspace-dqq3IVyd/lib/python3.10/site-packages/sqlalchemy/orm/session.py", line 2365, in execute
    return self._execute_internal(
  File "/root/.local/share/virtualenvs/workspace-dqq3IVyd/lib/python3.10/site-packages/sqlalchemy/orm/session.py", line 2251, in _execute_internal
    result: Result[Any] = compile_state_cls.orm_execute_statement(
  File "/root/.local/share/virtualenvs/workspace-dqq3IVyd/lib/python3.10/site-packages/sqlalchemy/orm/context.py", line 305, in orm_execute_statement
    result = conn.execute(
  File "/root/.local/share/virtualenvs/workspace-dqq3IVyd/lib/python3.10/site-packages/sqlalchemy/engine/base.py", line 1416, in execute
    return meth(
  File "/root/.local/share/virtualenvs/workspace-dqq3IVyd/lib/python3.10/site-packages/sqlalchemy/sql/elements.py", line 516, in _execute_on_connection
    return connection._execute_clauseelement(
  File "/root/.local/share/virtualenvs/workspace-dqq3IVyd/lib/python3.10/site-packages/sqlalchemy/engine/base.py", line 1638, in _execute_clauseelement
    ret = self._execute_context(
  File "/root/.local/share/virtualenvs/workspace-dqq3IVyd/lib/python3.10/site-packages/sqlalchemy/engine/base.py", line 1843, in _execute_context
    return self._exec_single_context(
  File "/root/.local/share/virtualenvs/workspace-dqq3IVyd/lib/python3.10/site-packages/sqlalchemy/engine/base.py", line 1983, in _exec_single_context
    self._handle_dbapi_exception(
  File "/root/.local/share/virtualenvs/workspace-dqq3IVyd/lib/python3.10/site-packages/sqlalchemy/engine/base.py", line 2352, in _handle_dbapi_exception
    raise sqlalchemy_exception.with_traceback(exc_info[2]) from e
  File "/root/.local/share/virtualenvs/workspace-dqq3IVyd/lib/python3.10/site-packages/sqlalchemy/engine/base.py", line 1964, in _exec_single_context
    self.dialect.do_execute(
  File "/root/.local/share/virtualenvs/workspace-dqq3IVyd/lib/python3.10/site-packages/sqlalchemy/engine/default.py", line 942, in do_execute
    cursor.execute(statement, parameters)
sqlalchemy.exc.OperationalError: (psycopg2.OperationalError) SSL SYSCALL error: EOF detected

[SQL: SELECT users.id AS users_id, users.hospital_name AS users_hospital_name, users.email AS users_email, users.password AS users_password, users.location AS users_location, users.totp_secret AS users_totp_secret, users.backup_codes AS users_backup_codes, users.is_2fa_enabled AS users_is_2fa_enabled, users.is_email_2fa_enabled AS users_is_email_2fa_enabled 
FROM users 
WHERE users.email = %(email_1)s 
 LIMIT %(param_1)s]
[parameters: {'email_1': 'blvcksaphhire@gmail.com', 'param_1': 1}]
(Background on this error at: https://sqlalche.me/e/20/e3q8)
INFO:     100.64.0.25:55850 - "OPTIONS /user/profile HTTP/1.1" 200 OK
INFO:     100.64.0.25:55850 - "GET /user/profile HTTP/1.1" 200 OK
INFO:     100.64.0.27:34532 - "OPTIONS /login HTTP/1.1" 200 OK
INFO:api:Generated short-lived token for 2FA: eyJhbGciOiJIUzI1NiIsInR5cCI6IkpXVCJ9.eyJlbWFpbCI6ImJsdmNrc2FwaGhpcmVAZ21haWwuY29tIiwiaXNfMmZhIjp0cnVlLCJleHAiOjE3NDIxNjA3ODB9.HkjpVy2SUVs0dyoIMUClS0LqkrLauOzHHUWOW1rXfd0
INFO:     100.64.0.27:34532 - "POST /login HTTP/1.1" 200 OK
INFO:     100.64.0.27:34532 - "OPTIONS /check-mfa HTTP/1.1" 200 OK
INFO:     100.64.0.27:34532 - "OPTIONS /check-mfa HTTP/1.1" 200 OK
ERROR:api:Unhandled exception: (psycopg2.OperationalError) SSL SYSCALL error: EOF detected

[SQL: SELECT users.id AS users_id, users.hospital_name AS users_hospital_name, users.email AS users_email, users.password AS users_password, users.location AS users_location, users.totp_secret AS users_totp_secret, users.backup_codes AS users_backup_codes, users.is_2fa_enabled AS users_is_2fa_enabled, users.is_email_2fa_enabled AS users_is_email_2fa_enabled 
FROM users 
WHERE users.email = %(email_1)s 
 LIMIT %(param_1)s]
[parameters: {'email_1': 'blvcksaphhire@gmail.com', 'param_1': 1}]
(Background on this error at: https://sqlalche.me/e/20/e3q8)
INFO:     100.64.0.27:34532 - "GET /check-mfa HTTP/1.1" 500 Internal Server Error
ERROR:    Exception in ASGI application
Traceback (most recent call last):
  File "/root/.local/share/virtualenvs/workspace-dqq3IVyd/lib/python3.10/site-packages/sqlalchemy/engine/base.py", line 1964, in _exec_single_context
    self.dialect.do_execute(
  File "/root/.local/share/virtualenvs/workspace-dqq3IVyd/lib/python3.10/site-packages/sqlalchemy/engine/default.py", line 942, in do_execute
    cursor.execute(statement, parameters)
psycopg2.OperationalError: SSL SYSCALL error: EOF detected


The above exception was the direct cause of the following exception:

Traceback (most recent call last):
  File "/root/.local/share/virtualenvs/workspace-dqq3IVyd/lib/python3.10/site-packages/uvicorn/protocols/http/h11_impl.py", line 403, in run_asgi
    result = await app(  # type: ignore[func-returns-value]
  File "/root/.local/share/virtualenvs/workspace-dqq3IVyd/lib/python3.10/site-packages/uvicorn/middleware/proxy_headers.py", line 60, in __call__
    return await self.app(scope, receive, send)
  File "/root/.local/share/virtualenvs/workspace-dqq3IVyd/lib/python3.10/site-packages/fastapi/applications.py", line 1054, in __call__
    await super().__call__(scope, receive, send)
  File "/root/.local/share/virtualenvs/workspace-dqq3IVyd/lib/python3.10/site-packages/starlette/applications.py", line 112, in __call__
    await self.middleware_stack(scope, receive, send)
  File "/root/.local/share/virtualenvs/workspace-dqq3IVyd/lib/python3.10/site-packages/starlette/middleware/errors.py", line 187, in __call__
    raise exc
  File "/root/.local/share/virtualenvs/workspace-dqq3IVyd/lib/python3.10/site-packages/starlette/middleware/errors.py", line 165, in __call__
    await self.app(scope, receive, _send)
  File "/root/.local/share/virtualenvs/workspace-dqq3IVyd/lib/python3.10/site-packages/starlette/middleware/base.py", line 181, in __call__
    raise app_exc
  File "/workspace/nhis/api.py", line 90, in db_session_middleware
    response = await call_next(request)
  File "/root/.local/share/virtualenvs/workspace-dqq3IVyd/lib/python3.10/site-packages/starlette/middleware/base.py", line 153, in call_next
    raise app_exc
  File "/root/.local/share/virtualenvs/workspace-dqq3IVyd/lib/python3.10/site-packages/starlette/middleware/base.py", line 140, in coro
    await self.app(scope, receive_or_disconnect, send_no_error)
  File "/root/.local/share/virtualenvs/workspace-dqq3IVyd/lib/python3.10/site-packages/starlette/middleware/cors.py", line 93, in __call__
    await self.simple_response(scope, receive, send, request_headers=headers)
  File "/root/.local/share/virtualenvs/workspace-dqq3IVyd/lib/python3.10/site-packages/starlette/middleware/cors.py", line 144, in simple_response
    await self.app(scope, receive, send)
  File "/root/.local/share/virtualenvs/workspace-dqq3IVyd/lib/python3.10/site-packages/starlette/middleware/exceptions.py", line 62, in __call__
    await wrap_app_handling_exceptions(self.app, conn)(scope, receive, send)
  File "/root/.local/share/virtualenvs/workspace-dqq3IVyd/lib/python3.10/site-packages/starlette/_exception_handler.py", line 53, in wrapped_app
    raise exc
  File "/root/.local/share/virtualenvs/workspace-dqq3IVyd/lib/python3.10/site-packages/starlette/_exception_handler.py", line 42, in wrapped_app
    await app(scope, receive, sender)
  File "/root/.local/share/virtualenvs/workspace-dqq3IVyd/lib/python3.10/site-packages/starlette/routing.py", line 714, in __call__
    await self.middleware_stack(scope, receive, send)
  File "/root/.local/share/virtualenvs/workspace-dqq3IVyd/lib/python3.10/site-packages/starlette/routing.py", line 734, in app
    await route.handle(scope, receive, send)
  File "/root/.local/share/virtualenvs/workspace-dqq3IVyd/lib/python3.10/site-packages/starlette/routing.py", line 288, in handle
    await self.app(scope, receive, send)
  File "/root/.local/share/virtualenvs/workspace-dqq3IVyd/lib/python3.10/site-packages/starlette/routing.py", line 76, in app
    await wrap_app_handling_exceptions(app, request)(scope, receive, send)
  File "/root/.local/share/virtualenvs/workspace-dqq3IVyd/lib/python3.10/site-packages/starlette/_exception_handler.py", line 53, in wrapped_app
    raise exc
  File "/root/.local/share/virtualenvs/workspace-dqq3IVyd/lib/python3.10/site-packages/starlette/_exception_handler.py", line 42, in wrapped_app
    await app(scope, receive, sender)
  File "/root/.local/share/virtualenvs/workspace-dqq3IVyd/lib/python3.10/site-packages/starlette/routing.py", line 73, in app
    response = await f(request)
  File "/root/.local/share/virtualenvs/workspace-dqq3IVyd/lib/python3.10/site-packages/fastapi/routing.py", line 291, in app
    solved_result = await solve_dependencies(
  File "/root/.local/share/virtualenvs/workspace-dqq3IVyd/lib/python3.10/site-packages/fastapi/dependencies/utils.py", line 638, in solve_dependencies
    solved = await call(**solved_result.values)
  File "/workspace/nhis/api.py", line 124, in get_temp_user
    user = db.query(User).filter(User.email == user_email).first()
  File "/root/.local/share/virtualenvs/workspace-dqq3IVyd/lib/python3.10/site-packages/sqlalchemy/orm/query.py", line 2754, in first
    return self.limit(1)._iter().first()  # type: ignore
  File "/root/.local/share/virtualenvs/workspace-dqq3IVyd/lib/python3.10/site-packages/sqlalchemy/orm/query.py", line 2853, in _iter
    result: Union[ScalarResult[_T], Result[_T]] = self.session.execute(
  File "/root/.local/share/virtualenvs/workspace-dqq3IVyd/lib/python3.10/site-packages/sqlalchemy/orm/session.py", line 2365, in execute
    return self._execute_internal(
  File "/root/.local/share/virtualenvs/workspace-dqq3IVyd/lib/python3.10/site-packages/sqlalchemy/orm/session.py", line 2251, in _execute_internal
    result: Result[Any] = compile_state_cls.orm_execute_statement(
  File "/root/.local/share/virtualenvs/workspace-dqq3IVyd/lib/python3.10/site-packages/sqlalchemy/orm/context.py", line 305, in orm_execute_statement
    result = conn.execute(
  File "/root/.local/share/virtualenvs/workspace-dqq3IVyd/lib/python3.10/site-packages/sqlalchemy/engine/base.py", line 1416, in execute
    return meth(
  File "/root/.local/share/virtualenvs/workspace-dqq3IVyd/lib/python3.10/site-packages/sqlalchemy/sql/elements.py", line 516, in _execute_on_connection
    return connection._execute_clauseelement(
  File "/root/.local/share/virtualenvs/workspace-dqq3IVyd/lib/python3.10/site-packages/sqlalchemy/engine/base.py", line 1638, in _execute_clauseelement
    ret = self._execute_context(
  File "/root/.local/share/virtualenvs/workspace-dqq3IVyd/lib/python3.10/site-packages/sqlalchemy/engine/base.py", line 1843, in _execute_context
    return self._exec_single_context(
  File "/root/.local/share/virtualenvs/workspace-dqq3IVyd/lib/python3.10/site-packages/sqlalchemy/engine/base.py", line 1983, in _exec_single_context
    self._handle_dbapi_exception(
  File "/root/.local/share/virtualenvs/workspace-dqq3IVyd/lib/python3.10/site-packages/sqlalchemy/engine/base.py", line 2352, in _handle_dbapi_exception
    raise sqlalchemy_exception.with_traceback(exc_info[2]) from e
  File "/root/.local/share/virtualenvs/workspace-dqq3IVyd/lib/python3.10/site-packages/sqlalchemy/engine/base.py", line 1964, in _exec_single_context
    self.dialect.do_execute(
  File "/root/.local/share/virtualenvs/workspace-dqq3IVyd/lib/python3.10/site-packages/sqlalchemy/engine/default.py", line 942, in do_execute
    cursor.execute(statement, parameters)
sqlalchemy.exc.OperationalError: (psycopg2.OperationalError) SSL SYSCALL error: EOF detected

[SQL: SELECT users.id AS users_id, users.hospital_name AS users_hospital_name, users.email AS users_email, users.password AS users_password, users.location AS users_location, users.totp_secret AS users_totp_secret, users.backup_codes AS users_backup_codes, users.is_2fa_enabled AS users_is_2fa_enabled, users.is_email_2fa_enabled AS users_is_email_2fa_enabled 
FROM users 
WHERE users.email = %(email_1)s 
 LIMIT %(param_1)s]
[parameters: {'email_1': 'blvcksaphhire@gmail.com', 'param_1': 1}]
(Background on this error at: https://sqlalche.me/e/20/e3q8)
INFO:     100.64.0.27:54328 - "GET /check-mfa HTTP/1.1" 200 OK
INFO:     100.64.0.27:54328 - "GET /check-mfa HTTP/1.1" 200 OK
INFO:     100.64.0.26:54710 - "OPTIONS /send-otp HTTP/1.1" 200 OK
INFO:     100.64.0.26:54724 - "OPTIONS /send-otp HTTP/1.1" 200 OK
ERROR:api:Unhandled exception: (psycopg2.errors.UniqueViolation) duplicate key value violates unique constraint "email_two_factor_email_key"
DETAIL:  Key (email)=(blvcksaphhire@gmail.com) already exists.

[SQL: INSERT INTO email_two_factor (email, otp, created_at, expires_at) VALUES (%(email)s, %(otp)s, %(created_at)s, %(expires_at)s) RETURNING email_two_factor.id]
[parameters: {'email': 'blvcksaphhire@gmail.com', 'otp': '199037', 'created_at': datetime.datetime(2025, 3, 16, 21, 28, 47, 289842), 'expires_at': datetime.datetime(2025, 3, 16, 21, 30, 47, 181476)}]
(Background on this error at: https://sqlalche.me/e/20/gkpj)
INFO:     100.64.0.26:48494 - "POST /send-otp HTTP/1.1" 500 Internal Server Error
ERROR:    Exception in ASGI application
Traceback (most recent call last):
  File "/root/.local/share/virtualenvs/workspace-dqq3IVyd/lib/python3.10/site-packages/sqlalchemy/engine/base.py", line 1964, in _exec_single_context
    self.dialect.do_execute(
  File "/root/.local/share/virtualenvs/workspace-dqq3IVyd/lib/python3.10/site-packages/sqlalchemy/engine/default.py", line 942, in do_execute
    cursor.execute(statement, parameters)
psycopg2.errors.UniqueViolation: duplicate key value violates unique constraint "email_two_factor_email_key"
DETAIL:  Key (email)=(blvcksaphhire@gmail.com) already exists.


The above exception was the direct cause of the following exception:

Traceback (most recent call last):
  File "/root/.local/share/virtualenvs/workspace-dqq3IVyd/lib/python3.10/site-packages/uvicorn/protocols/http/h11_impl.py", line 403, in run_asgi
    result = await app(  # type: ignore[func-returns-value]
  File "/root/.local/share/virtualenvs/workspace-dqq3IVyd/lib/python3.10/site-packages/uvicorn/middleware/proxy_headers.py", line 60, in __call__
    return await self.app(scope, receive, send)
  File "/root/.local/share/virtualenvs/workspace-dqq3IVyd/lib/python3.10/site-packages/fastapi/applications.py", line 1054, in __call__
    await super().__call__(scope, receive, send)
  File "/root/.local/share/virtualenvs/workspace-dqq3IVyd/lib/python3.10/site-packages/starlette/applications.py", line 112, in __call__
    await self.middleware_stack(scope, receive, send)
  File "/root/.local/share/virtualenvs/workspace-dqq3IVyd/lib/python3.10/site-packages/starlette/middleware/errors.py", line 187, in __call__
    raise exc
  File "/root/.local/share/virtualenvs/workspace-dqq3IVyd/lib/python3.10/site-packages/starlette/middleware/errors.py", line 165, in __call__
    await self.app(scope, receive, _send)
  File "/root/.local/share/virtualenvs/workspace-dqq3IVyd/lib/python3.10/site-packages/starlette/middleware/base.py", line 181, in __call__
    raise app_exc
  File "/workspace/nhis/api.py", line 90, in db_session_middleware
    response = await call_next(request)
  File "/root/.local/share/virtualenvs/workspace-dqq3IVyd/lib/python3.10/site-packages/starlette/middleware/base.py", line 153, in call_next
    raise app_exc
  File "/root/.local/share/virtualenvs/workspace-dqq3IVyd/lib/python3.10/site-packages/starlette/middleware/base.py", line 140, in coro
    await self.app(scope, receive_or_disconnect, send_no_error)
  File "/root/.local/share/virtualenvs/workspace-dqq3IVyd/lib/python3.10/site-packages/starlette/middleware/cors.py", line 93, in __call__
    await self.simple_response(scope, receive, send, request_headers=headers)
  File "/root/.local/share/virtualenvs/workspace-dqq3IVyd/lib/python3.10/site-packages/starlette/middleware/cors.py", line 144, in simple_response
    await self.app(scope, receive, send)
  File "/root/.local/share/virtualenvs/workspace-dqq3IVyd/lib/python3.10/site-packages/starlette/middleware/exceptions.py", line 62, in __call__
    await wrap_app_handling_exceptions(self.app, conn)(scope, receive, send)
  File "/root/.local/share/virtualenvs/workspace-dqq3IVyd/lib/python3.10/site-packages/starlette/_exception_handler.py", line 53, in wrapped_app
    raise exc
  File "/root/.local/share/virtualenvs/workspace-dqq3IVyd/lib/python3.10/site-packages/starlette/_exception_handler.py", line 42, in wrapped_app
    await app(scope, receive, sender)
  File "/root/.local/share/virtualenvs/workspace-dqq3IVyd/lib/python3.10/site-packages/starlette/routing.py", line 714, in __call__
    await self.middleware_stack(scope, receive, send)
  File "/root/.local/share/virtualenvs/workspace-dqq3IVyd/lib/python3.10/site-packages/starlette/routing.py", line 734, in app
    await route.handle(scope, receive, send)
  File "/root/.local/share/virtualenvs/workspace-dqq3IVyd/lib/python3.10/site-packages/starlette/routing.py", line 288, in handle
    await self.app(scope, receive, send)
  File "/root/.local/share/virtualenvs/workspace-dqq3IVyd/lib/python3.10/site-packages/starlette/routing.py", line 76, in app
    await wrap_app_handling_exceptions(app, request)(scope, receive, send)
  File "/root/.local/share/virtualenvs/workspace-dqq3IVyd/lib/python3.10/site-packages/starlette/_exception_handler.py", line 53, in wrapped_app
    raise exc
  File "/root/.local/share/virtualenvs/workspace-dqq3IVyd/lib/python3.10/site-packages/starlette/_exception_handler.py", line 42, in wrapped_app
    await app(scope, receive, sender)
  File "/root/.local/share/virtualenvs/workspace-dqq3IVyd/lib/python3.10/site-packages/starlette/routing.py", line 73, in app
    response = await f(request)
  File "/root/.local/share/virtualenvs/workspace-dqq3IVyd/lib/python3.10/site-packages/fastapi/routing.py", line 301, in app
    raw_response = await run_endpoint_function(
  File "/root/.local/share/virtualenvs/workspace-dqq3IVyd/lib/python3.10/site-packages/fastapi/routing.py", line 214, in run_endpoint_function
    return await run_in_threadpool(dependant.call, **values)
  File "/root/.local/share/virtualenvs/workspace-dqq3IVyd/lib/python3.10/site-packages/starlette/concurrency.py", line 37, in run_in_threadpool
    return await anyio.to_thread.run_sync(func)
  File "/root/.local/share/virtualenvs/workspace-dqq3IVyd/lib/python3.10/site-packages/anyio/to_thread.py", line 56, in run_sync
    return await get_async_backend().run_sync_in_worker_thread(
  File "/root/.local/share/virtualenvs/workspace-dqq3IVyd/lib/python3.10/site-packages/anyio/_backends/_asyncio.py", line 2461, in run_sync_in_worker_thread
    return await future
  File "/root/.local/share/virtualenvs/workspace-dqq3IVyd/lib/python3.10/site-packages/anyio/_backends/_asyncio.py", line 962, in run
    result = context.run(func, *args)
  File "/workspace/nhis/api.py", line 195, in send_otp
    db.commit()
  File "/root/.local/share/virtualenvs/workspace-dqq3IVyd/lib/python3.10/site-packages/sqlalchemy/orm/session.py", line 2032, in commit
    trans.commit(_to_root=True)
  File "<string>", line 2, in commit
  File "/root/.local/share/virtualenvs/workspace-dqq3IVyd/lib/python3.10/site-packages/sqlalchemy/orm/state_changes.py", line 139, in _go
    ret_value = fn(self, *arg, **kw)
  File "/root/.local/share/virtualenvs/workspace-dqq3IVyd/lib/python3.10/site-packages/sqlalchemy/orm/session.py", line 1313, in commit
    self._prepare_impl()
  File "<string>", line 2, in _prepare_impl
  File "/root/.local/share/virtualenvs/workspace-dqq3IVyd/lib/python3.10/site-packages/sqlalchemy/orm/state_changes.py", line 139, in _go
    ret_value = fn(self, *arg, **kw)
  File "/root/.local/share/virtualenvs/workspace-dqq3IVyd/lib/python3.10/site-packages/sqlalchemy/orm/session.py", line 1288, in _prepare_impl
    self.session.flush()
  File "/root/.local/share/virtualenvs/workspace-dqq3IVyd/lib/python3.10/site-packages/sqlalchemy/orm/session.py", line 4353, in flush
    self._flush(objects)
  File "/root/.local/share/virtualenvs/workspace-dqq3IVyd/lib/python3.10/site-packages/sqlalchemy/orm/session.py", line 4488, in _flush
    with util.safe_reraise():
  File "/root/.local/share/virtualenvs/workspace-dqq3IVyd/lib/python3.10/site-packages/sqlalchemy/util/langhelpers.py", line 146, in __exit__
    raise exc_value.with_traceback(exc_tb)
  File "/root/.local/share/virtualenvs/workspace-dqq3IVyd/lib/python3.10/site-packages/sqlalchemy/orm/session.py", line 4449, in _flush
    flush_context.execute()
  File "/root/.local/share/virtualenvs/workspace-dqq3IVyd/lib/python3.10/site-packages/sqlalchemy/orm/unitofwork.py", line 466, in execute
    rec.execute(self)
  File "/root/.local/share/virtualenvs/workspace-dqq3IVyd/lib/python3.10/site-packages/sqlalchemy/orm/unitofwork.py", line 642, in execute
    util.preloaded.orm_persistence.save_obj(
  File "/root/.local/share/virtualenvs/workspace-dqq3IVyd/lib/python3.10/site-packages/sqlalchemy/orm/persistence.py", line 93, in save_obj
    _emit_insert_statements(
  File "/root/.local/share/virtualenvs/workspace-dqq3IVyd/lib/python3.10/site-packages/sqlalchemy/orm/persistence.py", line 1233, in _emit_insert_statements
    result = connection.execute(
  File "/root/.local/share/virtualenvs/workspace-dqq3IVyd/lib/python3.10/site-packages/sqlalchemy/engine/base.py", line 1416, in execute
    return meth(
  File "/root/.local/share/virtualenvs/workspace-dqq3IVyd/lib/python3.10/site-packages/sqlalchemy/sql/elements.py", line 516, in _execute_on_connection
    return connection._execute_clauseelement(
  File "/root/.local/share/virtualenvs/workspace-dqq3IVyd/lib/python3.10/site-packages/sqlalchemy/engine/base.py", line 1638, in _execute_clauseelement
    ret = self._execute_context(
  File "/root/.local/share/virtualenvs/workspace-dqq3IVyd/lib/python3.10/site-packages/sqlalchemy/engine/base.py", line 1843, in _execute_context
    return self._exec_single_context(
  File "/root/.local/share/virtualenvs/workspace-dqq3IVyd/lib/python3.10/site-packages/sqlalchemy/engine/base.py", line 1983, in _exec_single_context
    self._handle_dbapi_exception(
  File "/root/.local/share/virtualenvs/workspace-dqq3IVyd/lib/python3.10/site-packages/sqlalchemy/engine/base.py", line 2352, in _handle_dbapi_exception
    raise sqlalchemy_exception.with_traceback(exc_info[2]) from e
  File "/root/.local/share/virtualenvs/workspace-dqq3IVyd/lib/python3.10/site-packages/sqlalchemy/engine/base.py", line 1964, in _exec_single_context
    self.dialect.do_execute(
  File "/root/.local/share/virtualenvs/workspace-dqq3IVyd/lib/python3.10/site-packages/sqlalchemy/engine/default.py", line 942, in do_execute
    cursor.execute(statement, parameters)
sqlalchemy.exc.IntegrityError: (psycopg2.errors.UniqueViolation) duplicate key value violates unique constraint "email_two_factor_email_key"
DETAIL:  Key (email)=(blvcksaphhire@gmail.com) already exists.

[SQL: INSERT INTO email_two_factor (email, otp, created_at, expires_at) VALUES (%(email)s, %(otp)s, %(created_at)s, %(expires_at)s) RETURNING email_two_factor.id]
[parameters: {'email': 'blvcksaphhire@gmail.com', 'otp': '199037', 'created_at': datetime.datetime(2025, 3, 16, 21, 28, 47, 289842), 'expires_at': datetime.datetime(2025, 3, 16, 21, 30, 47, 181476)}]
(Background on this error at: https://sqlalche.me/e/20/gkpj)
INFO:sendd:Email sent successfully: {'id': '40880cb0-b6d5-437d-91ec-7bcb0a940da1'}
INFO:     100.64.0.26:48510 - "POST /send-otp HTTP/1.1" 200 OK
INFO:     100.64.0.27:48554 - "OPTIONS /check-mfa HTTP/1.1" 200 OK
INFO:     100.64.0.27:48554 - "GET /check-mfa HTTP/1.1" 401 Unauthorized
INFO:     100.64.0.27:34858 - "OPTIONS /enable-email-2fa HTTP/1.1" 200 OK
INFO:     100.64.0.27:34858 - "POST /enable-email-2fa HTTP/1.1" 401 Unauthorized
INFO:     100.64.0.27:34858 - "OPTIONS /enable-email-2fa HTTP/1.1" 200 OK
INFO:     100.64.0.27:34858 - "POST /enable-email-2fa HTTP/1.1" 401 Unauthorized
INFO:     100.64.0.25:37684 - "GET /check-mfa HTTP/1.1" 401 Unauthorized
INFO:     100.64.0.26:34654 - "OPTIONS /login HTTP/1.1" 200 OK
ERROR:api:Error during login: (psycopg2.OperationalError) SSL SYSCALL error: EOF detected

[SQL: SELECT users.id AS users_id, users.hospital_name AS users_hospital_name, users.email AS users_email, users.password AS users_password, users.location AS users_location, users.totp_secret AS users_totp_secret, users.backup_codes AS users_backup_codes, users.is_2fa_enabled AS users_is_2fa_enabled, users.is_email_2fa_enabled AS users_is_email_2fa_enabled 
FROM users 
WHERE users.email = %(email_1)s 
 LIMIT %(param_1)s]
[parameters: {'email_1': 'blvcksaphhire@gmail.com', 'param_1': 1}]
(Background on this error at: https://sqlalche.me/e/20/e3q8)
INFO:     100.64.0.26:34654 - "POST /login HTTP/1.1" 500 Internal Server Error
INFO:api:Generated short-lived token for 2FA: eyJhbGciOiJIUzI1NiIsInR5cCI6IkpXVCJ9.eyJlbWFpbCI6ImJsdmNrc2FwaGhpcmVAZ21haWwuY29tIiwiaXNfMmZhIjp0cnVlLCJleHAiOjE3NDIxNjQ0NTR9.x7RKeqxxeBXYQgu64dxS-md_aq1E5Am4MXXVWQPLmh8
INFO:     100.64.0.26:34654 - "POST /login HTTP/1.1" 200 OK
INFO:     100.64.0.27:52550 - "GET /check-mfa HTTP/1.1" 200 OK
INFO:     100.64.0.27:52550 - "GET /check-mfa HTTP/1.1" 200 OK
INFO:     100.64.0.27:52550 - "OPTIONS /send-otp HTTP/1.1" 200 OK
INFO:     100.64.0.27:52560 - "OPTIONS /send-otp HTTP/1.1" 200 OK
INFO:sendd:Email sent successfully: {'id': '4fe85084-a597-42a2-8991-b49fb79fb978'}
INFO:     100.64.0.27:52560 - "POST /send-otp HTTP/1.1" 200 OK
INFO:sendd:Email sent successfully: {'id': '4b2bd472-78b5-4499-9faf-77fccd3283e2'}
INFO:     100.64.0.27:52550 - "POST /send-otp HTTP/1.1" 200 OK
INFO:     100.64.0.25:33186 - "OPTIONS /verify-otp HTTP/1.1" 200 OK
INFO:     100.64.0.25:33186 - "POST /verify-otp HTTP/1.1" 401 Unauthorized
INFO:     100.64.0.27:37028 - "POST /verify-otp HTTP/1.1" 401 Unauthorized
INFO:     100.64.0.27:37044 - "POST /verify-otp HTTP/1.1" 200 OK
INFO:     100.64.0.26:57474 - "OPTIONS /user/profile HTTP/1.1" 200 OK
INFO:     100.64.0.26:57488 - "OPTIONS /my_verifications?limit=15 HTTP/1.1" 200 OK
INFO:     100.64.0.26:57502 - "OPTIONS /my_verifications?limit=15 HTTP/1.1" 200 OK
INFO:     100.64.0.26:57518 - "OPTIONS /user/profile HTTP/1.1" 200 OK
INFO:     100.64.0.26:57474 - "GET /user/profile HTTP/1.1" 200 OK
INFO:     100.64.0.26:57488 - "GET /user/profile HTTP/1.1" 200 OK
INFO:     100.64.0.26:57502 - "GET /my_verifications?limit=15 HTTP/1.1" 200 OK
INFO:     100.64.0.26:57502 - "GET /my_verifications?limit=15 HTTP/1.1" 200 OK
INFO:     100.64.0.25:52962 - "GET /user/profile HTTP/1.1" 200 OK
INFO:     100.64.0.25:52962 - "OPTIONS /verified_encounters?limit=15 HTTP/1.1" 200 OK
INFO:     100.64.0.25:52974 - "OPTIONS /verified_encounters?limit=15 HTTP/1.1" 200 OK
INFO:     100.64.0.25:52974 - "GET /user/profile HTTP/1.1" 200 OK
INFO:     100.64.0.25:52962 - "GET /verified_encounters?limit=15 HTTP/1.1" 200 OK
INFO:     100.64.0.25:52962 - "GET /verified_encounters?limit=15 HTTP/1.1" 200 OK
INFO:     100.64.0.25:60234 - "GET /user/profile HTTP/1.1" 200 OK
INFO:     100.64.0.25:49480 - "GET /openapi.json HTTP/1.1" 200 OK
WARNING:  StatReload detected changes in 'api.py'. Reloading...
INFO:     Shutting down
INFO:     Waiting for application shutdown.
INFO:     Application shutdown complete.
INFO:     Finished server process [90124]
/root/.local/share/virtualenvs/workspace-dqq3IVyd/lib/python3.10/site-packages/onnxruntime/capi/onnxruntime_inference_collection.py:118: UserWarning: Specified provider 'CUDAExecutionProvider' is not in available provider names.Available providers: 'AzureExecutionProvider, CPUExecutionProvider'
  warnings.warn(
INFO:     Started server process [90727]
INFO:     Waiting for application startup.
INFO:     Application startup complete.
